<?xml version="1.0" encoding="UTF-8"?>
<!-- Generated by org.testng.reporters.JUnitReportReporter -->
<testsuite hostname="HW1352" failures="0" tests="1" name="practisetests.HandleShadowElement" time="27.794" errors="0" timestamp="26 Sept 2025 12:26:09 GMT" skipped="0">
  <testcase classname="practisetests.HandleShadowElement" name="handleShadowElement" time="27.794"/>
</testsuite> <!-- practisetests.HandleShadowElement -->
