<?xml version="1.0" encoding="UTF-8"?>
<!-- Generated by org.testng.reporters.JUnitReportReporter -->
<testsuite hostname="HW1352" failures="0" tests="1" name="playwright.tests.WaitsInPlayWright" time="20.608" errors="0" timestamp="15 Sept 2025 10:37:29 GMT" skipped="0">
  <testcase classname="playwright.tests.WaitsInPlayWright" name="differentWaitsPalyWright" time="20.608"/>
</testsuite> <!-- playwright.tests.WaitsInPlayWright -->
