<?xml version="1.0" encoding="UTF-8"?>
<!-- Generated by org.testng.reporters.JUnitReportReporter -->
<testsuite hostname="HW1352" failures="0" tests="1" name="playwright.tests.HandleAutoSuggestion" time="17.780" errors="0" timestamp="03 Sept 2025 14:28:15 GMT" skipped="0">
  <testcase classname="playwright.tests.HandleAutoSuggestion" name="autoSuggestionText" time="17.780"/>
</testsuite> <!-- playwright.tests.HandleAutoSuggestion -->
