<?xml version="1.0" encoding="UTF-8"?>
<!-- Generated by org.testng.reporters.JUnitReportReporter -->
<testsuite hostname="HW1352" failures="0" tests="1" name="practisetests.HandleWindowPopup" time="20.613" errors="0" timestamp="24 Sept 2025 13:54:00 GMT" skipped="0">
  <testcase classname="practisetests.HandleWindowPopup" name="handleWidnow" time="20.613"/>
</testsuite> <!-- practisetests.HandleWindowPopup -->
