<?xml version="1.0" encoding="UTF-8"?>
<!-- Generated by org.testng.reporters.JUnitReportReporter -->
<testsuite hostname="HW1352" failures="0" tests="1" name="practisetests.HandleFrames" time="20.617" errors="0" timestamp="25 Sept 2025 12:18:04 GMT" skipped="0">
  <testcase classname="practisetests.HandleFrames" name="handleFrames" time="20.617"/>
</testsuite> <!-- practisetests.HandleFrames -->
