<?xml version="1.0" encoding="UTF-8"?>
<!-- Generated by org.testng.reporters.JUnitReportReporter -->
<testsuite hostname="HW1352" failures="0" tests="1" name="practisetests.Sliders" time="28.086" errors="0" timestamp="29 Sept 2025 10:55:31 GMT" skipped="0">
  <testcase classname="practisetests.Sliders" name="handleSlider" time="28.086"/>
</testsuite> <!-- practisetests.Sliders -->
