<?xml version="1.0" encoding="UTF-8"?>
<!-- Generated by org.testng.reporters.JUnitReportReporter -->
<testsuite hostname="HW1352" failures="0" tests="1" name="practisetests.HandleAutoSuggestion" time="19.194" errors="0" timestamp="21 Sept 2025 11:25:00 GMT" skipped="0">
  <testcase classname="practisetests.HandleAutoSuggestion" name="autoSuggestionsPlaywright" time="19.194"/>
</testsuite> <!-- practisetests.HandleAutoSuggestion -->
