<?xml version="1.0" encoding="UTF-8"?>
<!-- Generated by org.testng.reporters.JUnitReportReporter -->
<testsuite hostname="HW1352" failures="0" tests="1" name="practisetests.FirstTest" time="15.706" errors="0" timestamp="18 Sept 2025 12:40:59 GMT" skipped="0">
  <testcase classname="practisetests.FirstTest" name="firstTest" time="15.706"/>
</testsuite> <!-- practisetests.FirstTest -->
