<?xml version="1.0" encoding="UTF-8"?>
<!-- Generated by org.testng.reporters.JUnitReportReporter -->
<testsuite hostname="HW1352" failures="0" tests="1" name="selenium_projects.PlayWriteTests.FlipKartTest" time="8.774" errors="0" timestamp="28 Aug 2025 14:17:01 GMT" skipped="0">
  <testcase classname="selenium_projects.PlayWriteTests.FlipKartTest" name="verifyTShirtDetails" time="8.774"/>
</testsuite> <!-- selenium_projects.PlayWriteTests.FlipKartTest -->
