<?xml version="1.0" encoding="UTF-8"?>
<!-- Generated by org.testng.reporters.JUnitReportReporter -->
<testsuite hostname="HW1352" failures="0" tests="1" name="practisetests.VideoRecording" time="21.642" errors="0" timestamp="27 Sept 2025 10:45:23 GMT" skipped="0">
  <testcase classname="practisetests.VideoRecording" name="videoRecordingCapture" time="21.642"/>
</testsuite> <!-- practisetests.VideoRecording -->
