<?xml version="1.0" encoding="UTF-8"?>
<!-- Generated by org.testng.reporters.JUnitReportReporter -->
<testsuite hostname="HW1352" failures="0" tests="1" name="HandleSlider" time="22.002" errors="0" timestamp="12 Sept 2025 12:25:19 GMT" skipped="0">
  <testcase classname="HandleSlider" name="handleSlider" time="22.002"/>
</testsuite> <!-- HandleSlider -->
