<?xml version="1.0" encoding="UTF-8"?>
<!-- Generated by org.testng.reporters.JUnitReportReporter -->
<testsuite hostname="HW1352" failures="0" tests="1" name="playwright.tests.HandleSSLCert" time="15.901" errors="0" timestamp="15 Sept 2025 11:22:01 GMT" skipped="0">
  <testcase classname="playwright.tests.HandleSSLCert" name="handleSSLCert" time="15.901"/>
</testsuite> <!-- playwright.tests.HandleSSLCert -->
