<?xml version="1.0" encoding="UTF-8"?>
<!-- Generated by org.testng.reporters.JUnitReportReporter -->
<testsuite hostname="HW1352" failures="0" tests="1" name="playwright.tests.TakeScreenshots" time="23.800" errors="0" timestamp="09 Sept 2025 15:46:27 GMT" skipped="0">
  <testcase classname="playwright.tests.TakeScreenshots" name="takeScreenshot" time="23.800"/>
</testsuite> <!-- playwright.tests.TakeScreenshots -->
