<?xml version="1.0" encoding="UTF-8"?>
<!-- Generated by org.testng.reporters.JUnitReportReporter -->
<testsuite hostname="HW1352" failures="0" tests="1" name="playwright.tests.DragAndDrop" time="18.041" errors="0" timestamp="12 Sept 2025 12:41:44 GMT" skipped="0">
  <testcase classname="playwright.tests.DragAndDrop" name="handleDragAndDrop" time="18.041"/>
</testsuite> <!-- playwright.tests.DragAndDrop -->
