<?xml version="1.0" encoding="UTF-8"?>
<!-- Generated by org.testng.reporters.JUnitReportReporter -->
<testsuite hostname="HW1352" failures="0" tests="1" name="pageobjectmodalTest.LoginTest" time="19.913" errors="0" timestamp="17 Sept 2025 10:45:22 GMT" skipped="0">
  <testcase classname="pageobjectmodalTest.LoginTest" name="login" time="19.913"/>
</testsuite> <!-- pageobjectmodalTest.LoginTest -->
