<?xml version="1.0" encoding="UTF-8"?>
<!-- Generated by org.testng.reporters.JUnitReportReporter -->
<testsuite hostname="HW1352" failures="0" tests="1" name="practisetests.uploadFile" time="26.836" errors="0" timestamp="23 Sept 2025 12:21:27 GMT" skipped="0">
  <testcase classname="practisetests.uploadFile" name="uploadFile" time="26.836"/>
</testsuite> <!-- practisetests.uploadFile -->
