<?xml version="1.0" encoding="UTF-8"?>
<!-- Generated by org.testng.reporters.JUnitReportReporter -->
<testsuite hostname="HW1352" failures="0" tests="1" name="practisetests.HandleMultiplePages" time="24.597" errors="0" timestamp="25 Sept 2025 11:37:11 GMT" skipped="0">
  <testcase classname="practisetests.HandleMultiplePages" name="handleMultipleWidnows" time="24.597"/>
</testsuite> <!-- practisetests.HandleMultiplePages -->
