<?xml version="1.0" encoding="UTF-8"?>
<!-- Generated by org.testng.reporters.JUnitReportReporter -->
<testsuite hostname="HW1352" failures="0" tests="1" name="playwright.tests.JavaScriptInPlayWright" time="28.639" errors="0" timestamp="15 Sept 2025 11:09:51 GMT" skipped="0">
  <testcase classname="playwright.tests.JavaScriptInPlayWright" name="javaScriptPalyWright" time="28.639"/>
</testsuite> <!-- playwright.tests.JavaScriptInPlayWright -->
