<?xml version="1.0" encoding="UTF-8"?>
<!-- Generated by org.testng.reporters.JUnitReportReporter -->
<testsuite hostname="HW1352" failures="0" tests="1" name="practisetests.FirestNewTest" time="19.230" errors="0" timestamp="18 Sept 2025 11:54:02 GMT" skipped="0">
  <testcase classname="practisetests.FirestNewTest" name="firstTest" time="19.230"/>
</testsuite> <!-- practisetests.FirestNewTest -->
