<?xml version="1.0" encoding="UTF-8"?>
<!-- Generated by org.testng.reporters.JUnitReportReporter -->
<testsuite hostname="HW1352" failures="0" tests="1" name="playwright.tests.VideoRecording" time="21.695" errors="0" timestamp="10 Sept 2025 10:36:03 GMT" skipped="0">
  <testcase classname="playwright.tests.VideoRecording" name="recording" time="21.695"/>
</testsuite> <!-- playwright.tests.VideoRecording -->
