<?xml version="1.0" encoding="UTF-8"?>
<!-- Generated by org.testng.reporters.JUnitReportReporter -->
<testsuite hostname="HW1352" failures="0" tests="1" name="practisetests.playwright" time="16.886" errors="0" timestamp="21 Sept 2025 10:34:54 GMT" skipped="0">
  <testcase classname="practisetests.playwright" name="playWriteTest" time="16.886"/>
</testsuite> <!-- practisetests.playwright -->
