<?xml version="1.0" encoding="UTF-8"?>
<!-- Generated by org.testng.reporters.JUnitReportReporter -->
<testsuite hostname="HW1352" failures="0" tests="1" name="practisetests.DragAndDrop" time="18.267" errors="0" timestamp="29 Sept 2025 11:13:47 GMT" skipped="0">
  <testcase classname="practisetests.DragAndDrop" name="dragAndDrop" time="18.267"/>
</testsuite> <!-- practisetests.DragAndDrop -->
