<?xml version="1.0" encoding="UTF-8"?>
<!-- Generated by org.testng.reporters.JUnitReportReporter -->
<testsuite hostname="HW1352" failures="0" tests="1" name="practisetests.ScreenshotPlaywright" time="20.876" errors="0" timestamp="26 Sept 2025 12:50:45 GMT" skipped="0">
  <testcase classname="practisetests.ScreenshotPlaywright" name="takeScreenshot" time="20.876"/>
</testsuite> <!-- practisetests.ScreenshotPlaywright -->
