<?xml version="1.0" encoding="UTF-8"?>
<!-- Generated by org.testng.reporters.JUnitReportReporter -->
<testsuite hostname="HW1352" failures="0" tests="1" name="playwright.tests.KeyBoardEvents" time="16.415" errors="0" timestamp="10 Sept 2025 12:08:05 GMT" skipped="0">
  <testcase classname="playwright.tests.KeyBoardEvents" name="KeyboardTest" time="16.415"/>
</testsuite> <!-- playwright.tests.KeyBoardEvents -->
