<?xml version="1.0" encoding="UTF-8"?>
<!-- Generated by org.testng.reporters.JUnitReportReporter -->
<testsuite hostname="HW1352" failures="0" tests="1" name="practisetests.KeyBaordEvents" time="19.654" errors="0" timestamp="29 Sept 2025 10:35:15 GMT" skipped="0">
  <testcase classname="practisetests.KeyBaordEvents" name="handleKeyBoardEvents" time="19.654"/>
</testsuite> <!-- practisetests.KeyBaordEvents -->
