<?xml version="1.0" encoding="UTF-8"?>
<!-- Generated by org.testng.reporters.JUnitReportReporter -->
<testsuite hostname="HW1352" failures="0" tests="1" name="playwright.tests.Assignment" time="16.968" errors="0" timestamp="09 Sept 2025 11:16:45 GMT" skipped="0">
  <testcase classname="playwright.tests.Assignment" name="assignment" time="16.968"/>
</testsuite> <!-- playwright.tests.Assignment -->
