<?xml version="1.0" encoding="UTF-8"?>
<!-- Generated by org.testng.reporters.JUnitReportReporter -->
<testsuite hostname="HW1352" failures="0" tests="1" name="playwright.tests.HandleMultipleWindows" time="36.862" errors="0" timestamp="06 Sept 2025 11:50:19 GMT" skipped="0">
  <testcase classname="playwright.tests.HandleMultipleWindows" name="handleMultipleWindows" time="36.862"/>
</testsuite> <!-- playwright.tests.HandleMultipleWindows -->
