<?xml version="1.0" encoding="UTF-8"?>
<!-- Generated by org.testng.reporters.JUnitReportReporter -->
<testsuite hostname="HW1352" failures="0" tests="1" name="playwright.tests.HandleAlertPopup" time="18.820" errors="0" timestamp="05 Sept 2025 13:23:27 GMT" skipped="0">
  <testcase classname="playwright.tests.HandleAlertPopup" name="HandlePopups" time="18.820"/>
</testsuite> <!-- playwright.tests.HandleAlertPopup -->
