<?xml version="1.0" encoding="UTF-8"?>
<!-- Generated by org.testng.reporters.JUnitReportReporter -->
<testsuite hostname="HW1352" failures="0" tests="1" name="playwright.tests.RegisterNewUser" time="56.535" errors="0" timestamp="02 Sept 2025 12:02:30 GMT" skipped="0">
  <testcase classname="playwright.tests.RegisterNewUser" name="registerUser" time="56.535"/>
</testsuite> <!-- playwright.tests.RegisterNewUser -->
