<?xml version="1.0" encoding="UTF-8"?>
<!-- Generated by org.testng.reporters.JUnitReportReporter -->
<testsuite hostname="HW1352" failures="0" tests="3" name="practisetests.HandleAlertsPopups" time="0.714" errors="0" timestamp="24 Sept 2025 13:25:18 GMT" skipped="2">
  <testcase classname="practisetests.HandleAlertsPopups" name="handlePromptPopup" time="0.714"/>
  <testcase classname="practisetests.HandleAlertsPopups" name="handleAlertPopup">
    <skipped/>
  </testcase> <!-- handleAlertPopup -->
  <testcase classname="practisetests.HandleAlertsPopups" name="handleConfirmationPopup">
    <skipped/>
  </testcase> <!-- handleConfirmationPopup -->
</testsuite> <!-- practisetests.HandleAlertsPopups -->
