<?xml version="1.0" encoding="UTF-8"?>
<!-- Generated by org.testng.reporters.JUnitReportReporter -->
<testsuite hostname="HW1352" failures="0" tests="1" name="playwright.tests.LoginLogoutTest" time="18.437" errors="0" timestamp="01 Sept 2025 11:08:06 GMT" skipped="0">
  <testcase classname="playwright.tests.LoginLogoutTest" name="loginLogoutTest" time="18.437"/>
</testsuite> <!-- playwright.tests.LoginLogoutTest -->
