<?xml version="1.0" encoding="UTF-8"?>
<!-- Generated by org.testng.reporters.JUnitReportReporter -->
<testsuite hostname="HW1352" failures="0" tests="1" name="playwright.tests.TestGenCode" time="17.962" errors="0" timestamp="03 Sept 2025 12:59:29 GMT" skipped="0">
  <testcase classname="playwright.tests.TestGenCode" name="sampleCodeGenTest" time="17.962"/>
</testsuite> <!-- playwright.tests.TestGenCode -->
