<?xml version="1.0" encoding="UTF-8"?>
<!-- Generated by org.testng.reporters.JUnitReportReporter -->
<testsuite hostname="HW1352" failures="0" tests="1" name="playwright.tests.FileUploadTest" time="20.055" errors="0" timestamp="04 Sept 2025 14:54:35 GMT" skipped="0">
  <testcase classname="playwright.tests.FileUploadTest" name="uplaodFile" time="20.055"/>
</testsuite> <!-- playwright.tests.FileUploadTest -->
