<?xml version="1.0" encoding="UTF-8"?>
<!-- Generated by org.testng.reporters.JUnitReportReporter -->
<testsuite hostname="HW1352" failures="0" tests="1" name="playwright.tests.TracingData" time="16.721" errors="0" timestamp="10 Sept 2025 11:21:53 GMT" skipped="0">
  <testcase classname="playwright.tests.TracingData" name="tracing" time="16.721"/>
</testsuite> <!-- playwright.tests.TracingData -->
