<?xml version="1.0" encoding="UTF-8"?>
<!-- Generated by org.testng.reporters.JUnitReportReporter -->
<testsuite hostname="HW1352" failures="0" tests="1" name="playwright.tests.HandleFrames" time="26.079" errors="0" timestamp="06 Sept 2025 12:22:22 GMT" skipped="0">
  <testcase classname="playwright.tests.HandleFrames" name="handleFrame" time="26.079"/>
</testsuite> <!-- playwright.tests.HandleFrames -->
