<?xml version="1.0" encoding="UTF-8"?>
<!-- Generated by org.testng.reporters.JUnitReportReporter -->
<testsuite hostname="HW1352" failures="0" tests="1" name="playwright.tests.HandleShadowDom" time="33.990" errors="0" timestamp="09 Sept 2025 15:01:22 GMT" skipped="0">
  <testcase classname="playwright.tests.HandleShadowDom" name="handleShadowDom" time="33.990"/>
</testsuite> <!-- playwright.tests.HandleShadowDom -->
