<?xml version="1.0" encoding="UTF-8"?>
<!-- Generated by org.testng.reporters.JUnitReportReporter -->
<testsuite hostname="HW1352" failures="0" tests="1" name="practisetests.TracingPlayWright" time="22.694" errors="0" timestamp="27 Sept 2025 11:19:49 GMT" skipped="0">
  <testcase classname="practisetests.TracingPlayWright" name="CaptureTracing" time="22.694"/>
</testsuite> <!-- practisetests.TracingPlayWright -->
