<?xml version="1.0" encoding="UTF-8"?>
<!-- Generated by org.testng.reporters.JUnitReportReporter -->
<testsuite hostname="HW1352" failures="0" tests="1" name="practisetests.VerifyErrorMsges" time="15.796" errors="0" timestamp="21 Sept 2025 11:04:49 GMT" skipped="0">
  <testcase classname="practisetests.VerifyErrorMsges" name="validateErroMsg" time="15.796"/>
</testsuite> <!-- practisetests.VerifyErrorMsges -->
