<?xml version="1.0" encoding="UTF-8"?>
<!-- Generated by org.testng.reporters.JUnitReportReporter -->
<testsuite hostname="HW1352" failures="0" tests="1" name="practisetests.FileUploadChooser" time="21.067" errors="0" timestamp="23 Sept 2025 12:42:10 GMT" skipped="0">
  <testcase classname="practisetests.FileUploadChooser" name="fileUplaod" time="21.067"/>
</testsuite> <!-- practisetests.FileUploadChooser -->
